<?xml version="1.0" encoding="UTF-8"?>
<testng-results skipped="0" failed="1" ignored="0" total="2" passed="1">
  <reporter-output>
  </reporter-output>
  <suite name="Default suite" duration-ms="27268" started-at="2020-03-09T06:52:25Z" finished-at="2020-03-09T06:52:52Z">
    <groups>
    </groups>
    <test name="Default test" duration-ms="27268" started-at="2020-03-09T06:52:25Z" finished-at="2020-03-09T06:52:52Z">
      <class name="test1.VerifyGoogleTest">
        <test-method status="PASS" signature="SetBrowser()[pri:0, instance:test1.VerifyGoogleTest@59fa1d9b]" name="SetBrowser" is-config="true" duration-ms="13787" started-at="2020-03-09T06:52:25Z" finished-at="2020-03-09T06:52:38Z">
          <reporter-output>
          </reporter-output>
        </test-method> <!-- SetBrowser -->
        <test-method status="PASS" signature="CheckLogo()[pri:0, instance:test1.VerifyGoogleTest@59fa1d9b]" name="CheckLogo" duration-ms="116" started-at="2020-03-09T06:52:38Z" finished-at="2020-03-09T06:52:38Z">
          <reporter-output>
          </reporter-output>
        </test-method> <!-- CheckLogo -->
        <test-method status="PASS" signature="CloseBrowser()[pri:0, instance:test1.VerifyGoogleTest@59fa1d9b]" name="CloseBrowser" is-config="true" duration-ms="913" started-at="2020-03-09T06:52:38Z" finished-at="2020-03-09T06:52:39Z">
          <reporter-output>
          </reporter-output>
        </test-method> <!-- CloseBrowser -->
        <test-method status="PASS" signature="SetBrowser()[pri:0, instance:test1.VerifyGoogleTest@59fa1d9b]" name="SetBrowser" is-config="true" duration-ms="11564" started-at="2020-03-09T06:52:39Z" finished-at="2020-03-09T06:52:51Z">
          <reporter-output>
          </reporter-output>
        </test-method> <!-- SetBrowser -->
        <test-method status="FAIL" signature="Checkurl()[pri:0, instance:test1.VerifyGoogleTest@59fa1d9b]" name="Checkurl" duration-ms="8" started-at="2020-03-09T06:52:51Z" finished-at="2020-03-09T06:52:51Z">
          <exception class="java.lang.AssertionError">
            <message>
              <![CDATA[expected [https://www.gogle.com/] but found [https://www.google.com/]]]>
            </message>
            <full-stacktrace>
              <![CDATA[java.lang.AssertionError: expected [https://www.gogle.com/] but found [https://www.google.com/]
at org.testng.Assert.fail(Assert.java:96)
at org.testng.Assert.failNotEquals(Assert.java:776)
at org.testng.Assert.assertEqualsImpl(Assert.java:137)
at org.testng.Assert.assertEquals(Assert.java:118)
at org.testng.Assert.assertEquals(Assert.java:453)
at org.testng.Assert.assertEquals(Assert.java:463)
at test1.VerifyGoogleTest.Checkurl(VerifyGoogleTest.java:28)
at sun.reflect.NativeMethodAccessorImpl.invoke0(Native Method)
at sun.reflect.NativeMethodAccessorImpl.invoke(NativeMethodAccessorImpl.java:62)
at sun.reflect.DelegatingMethodAccessorImpl.invoke(DelegatingMethodAccessorImpl.java:43)
at java.lang.reflect.Method.invoke(Method.java:498)
at org.testng.internal.MethodInvocationHelper.invokeMethod(MethodInvocationHelper.java:124)
at org.testng.internal.Invoker.invokeMethod(Invoker.java:580)
at org.testng.internal.Invoker.invokeTestMethod(Invoker.java:716)
at org.testng.internal.Invoker.invokeTestMethods(Invoker.java:988)
at org.testng.internal.TestMethodWorker.invokeTestMethods(TestMethodWorker.java:125)
at org.testng.internal.TestMethodWorker.run(TestMethodWorker.java:109)
at org.testng.TestRunner.privateRun(TestRunner.java:648)
at org.testng.TestRunner.run(TestRunner.java:505)
at org.testng.SuiteRunner.runTest(SuiteRunner.java:455)
at org.testng.SuiteRunner.runSequentially(SuiteRunner.java:450)
at org.testng.SuiteRunner.privateRun(SuiteRunner.java:415)
at org.testng.SuiteRunner.run(SuiteRunner.java:364)
at org.testng.SuiteRunnerWorker.runSuite(SuiteRunnerWorker.java:52)
at org.testng.SuiteRunnerWorker.run(SuiteRunnerWorker.java:84)
at org.testng.TestNG.runSuitesSequentially(TestNG.java:1208)
at org.testng.TestNG.runSuitesLocally(TestNG.java:1137)
at org.testng.TestNG.runSuites(TestNG.java:1049)
at org.testng.TestNG.run(TestNG.java:1017)
at org.testng.remote.AbstractRemoteTestNG.run(AbstractRemoteTestNG.java:114)
at org.testng.remote.RemoteTestNG.initAndRun(RemoteTestNG.java:251)
at org.testng.remote.RemoteTestNG.main(RemoteTestNG.java:77)
]]>
            </full-stacktrace>
          </exception> <!-- java.lang.AssertionError -->
          <reporter-output>
          </reporter-output>
        </test-method> <!-- Checkurl -->
        <test-method status="PASS" signature="CloseBrowser()[pri:0, instance:test1.VerifyGoogleTest@59fa1d9b]" name="CloseBrowser" is-config="true" duration-ms="832" started-at="2020-03-09T06:52:51Z" finished-at="2020-03-09T06:52:52Z">
          <reporter-output>
          </reporter-output>
        </test-method> <!-- CloseBrowser -->
      </class> <!-- test1.VerifyGoogleTest -->
    </test> <!-- Default test -->
  </suite> <!-- Default suite -->
</testng-results>
